<?xml version="1.0" encoding="UTF-8"?>
<testsuite name="com.nicode.gestionenfermeria.GestionEnfermeriaApplicationTests" tests="1" skipped="0" failures="0" errors="0" timestamp="2023-07-21T12:42:07" hostname="DESKTOP-IKHOH5T" time="0.558">
  <properties/>
  <testcase name="contextLoads()" classname="com.nicode.gestionenfermeria.GestionEnfermeriaApplicationTests" time="0.558"/>
  <system-out><![CDATA[09:41:43.589 [Test worker] INFO org.springframework.test.context.support.AnnotationConfigContextLoaderUtils -- Could not detect default configuration classes for test class [com.nicode.gestionenfermeria.GestionEnfermeriaApplicationTests]: GestionEnfermeriaApplicationTests does not declare any static, non-private, non-final, nested classes annotated with @Configuration.
09:41:43.733 [Test worker] INFO org.springframework.boot.test.context.SpringBootTestContextBootstrapper -- Found @SpringBootConfiguration com.nicode.gestionenfermeria.GestionEnfermeriaApplication for test class com.nicode.gestionenfermeria.GestionEnfermeriaApplicationTests

  .   ____          _            __ _ _
 /\\ / ___'_ __ _ _(_)_ __  __ _ \ \ \ \
( ( )\___ | '_ | '_| | '_ \/ _` | \ \ \ \
 \\/  ___)| |_)| | | | | || (_| |  ) ) ) )
  '  |____| .__|_| |_|_| |_\__, | / / / /
 =========|_|==============|___/=/_/_/_/
 :: Spring Boot ::                (v3.1.1)

2023-07-21T09:41:44.209-03:00  INFO 21344 --- [    Test worker] c.n.g.GestionEnfermeriaApplicationTests  : Starting GestionEnfermeriaApplicationTests using Java 18.0.2.1 with PID 21344 (started by Nico in C:\Users\Nico\Desktop\java\gestion-enfermeria)
2023-07-21T09:41:44.210-03:00  INFO 21344 --- [    Test worker] c.n.g.GestionEnfermeriaApplicationTests  : No active profile set, falling back to 1 default profile: "default"
2023-07-21T09:41:44.817-03:00  INFO 21344 --- [    Test worker] .s.d.r.c.RepositoryConfigurationDelegate : Bootstrapping Spring Data JPA repositories in DEFAULT mode.
2023-07-21T09:41:44.952-03:00  INFO 21344 --- [    Test worker] .s.d.r.c.RepositoryConfigurationDelegate : Finished Spring Data repository scanning in 125 ms. Found 7 JPA repository interfaces.
2023-07-21T09:41:46.157-03:00  INFO 21344 --- [    Test worker] o.hibernate.jpa.internal.util.LogHelper  : HHH000204: Processing PersistenceUnitInfo [name: default]
2023-07-21T09:41:46.230-03:00  INFO 21344 --- [    Test worker] org.hibernate.Version                    : HHH000412: Hibernate ORM core version 6.2.5.Final
2023-07-21T09:41:46.233-03:00  INFO 21344 --- [    Test worker] org.hibernate.cfg.Environment            : HHH000406: Using bytecode reflection optimizer
2023-07-21T09:41:46.420-03:00  INFO 21344 --- [    Test worker] o.h.b.i.BytecodeProviderInitiator        : HHH000021: Bytecode provider name : bytebuddy
2023-07-21T09:41:46.602-03:00  INFO 21344 --- [    Test worker] o.s.o.j.p.SpringPersistenceUnitInfo      : No LoadTimeWeaver setup: ignoring JPA class transformer
2023-07-21T09:41:46.666-03:00  INFO 21344 --- [    Test worker] com.zaxxer.hikari.HikariDataSource       : HikariPool-1 - Starting...
2023-07-21T09:41:50.751-03:00  INFO 21344 --- [    Test worker] com.zaxxer.hikari.pool.HikariPool        : HikariPool-1 - Added connection com.mysql.cj.jdbc.ConnectionImpl@47797401
2023-07-21T09:41:50.760-03:00  INFO 21344 --- [    Test worker] com.zaxxer.hikari.HikariDataSource       : HikariPool-1 - Start completed.
2023-07-21T09:41:51.621-03:00  WARN 21344 --- [    Test worker] o.h.b.model.internal.AnnotationBinder    : HHH000503: A class should not be annotated with both @Inheritance and @MappedSuperclass. @Inheritance will be ignored for: com.nicode.gestionenfermeria.persistance.entity.PersonaEntity.
2023-07-21T09:41:51.939-03:00  INFO 21344 --- [    Test worker] o.h.b.i.BytecodeProviderInitiator        : HHH000021: Bytecode provider name : bytebuddy
2023-07-21T09:41:52.926-03:00  INFO 21344 --- [    Test worker] o.h.e.t.j.p.i.JtaPlatformInitiator       : HHH000490: Using JtaPlatform implementation: [org.hibernate.engine.transaction.jta.platform.internal.NoJtaPlatform]
Hibernate: alter table enfermero modify column creado_el  datetime(6)
Hibernate: alter table enfermero modify column fecha_de_nacimiento  date
Hibernate: alter table enfermero modify column ultima_modificacion  DATETIME
Hibernate: alter table historia_clinica modify column altura  Decimal(3,2)
Hibernate: alter table historia_clinica modify column creado_el  datetime(6)
Hibernate: alter table historia_clinica modify column peso  Decimal(4,2)
Hibernate: alter table historia_clinica modify column ultima_modificacion  datetime(6)
Hibernate: alter table paciente modify column creado_el  datetime(6)
Hibernate: alter table paciente modify column fecha_de_nacimiento  date
Hibernate: alter table paciente modify column ultima_modificacion  DATETIME
Hibernate: alter table rol_usuarios modify column fecha_creacion  DATETIME not null
2023-07-21T09:42:05.500-03:00  INFO 21344 --- [    Test worker] j.LocalContainerEntityManagerFactoryBean : Initialized JPA EntityManagerFactory for persistence unit 'default'
2023-07-21T09:42:05.859-03:00  INFO 21344 --- [    Test worker] o.s.d.j.r.query.QueryEnhancerFactory     : Hibernate is in classpath; If applicable, HQL parser will be used.
2023-07-21T09:42:06.734-03:00  WARN 21344 --- [    Test worker] JpaBaseConfiguration$JpaWebConfiguration : spring.jpa.open-in-view is enabled by default. Therefore, database queries may be performed during view rendering. Explicitly configure spring.jpa.open-in-view to disable this warning
2023-07-21T09:42:07.151-03:00  INFO 21344 --- [    Test worker] o.s.s.web.DefaultSecurityFilterChain     : Will secure any request with [org.springframework.security.web.session.DisableEncodeUrlFilter@7e64b248, org.springframework.security.web.context.request.async.WebAsyncManagerIntegrationFilter@6e5dc02d, org.springframework.security.web.context.SecurityContextHolderFilter@50fbb66a, org.springframework.security.web.header.HeaderWriterFilter@3c41b4b, org.springframework.web.filter.CorsFilter@7e4f5062, org.springframework.security.web.authentication.logout.LogoutFilter@794fbf0d, com.nicode.gestionenfermeria.web.config.JwtFilter@3e1f6318, org.springframework.security.web.savedrequest.RequestCacheAwareFilter@466fb9be, org.springframework.security.web.servletapi.SecurityContextHolderAwareRequestFilter@282c3aa0, org.springframework.security.web.authentication.AnonymousAuthenticationFilter@1c93f349, org.springframework.security.web.session.SessionManagementFilter@d69fd7a, org.springframework.security.web.access.ExceptionTranslationFilter@6cad2d5f, org.springframework.security.web.access.intercept.AuthorizationFilter@347c7b]
2023-07-21T09:42:07.586-03:00  INFO 21344 --- [    Test worker] c.n.g.GestionEnfermeriaApplicationTests  : Started GestionEnfermeriaApplicationTests in 23.65 seconds (process running for 25.332)
]]></system-out>
  <system-err><![CDATA[]]></system-err>
</testsuite>
