<?xml version="1.0" encoding="UTF-8"?>
<testsuite name="com.nicode.gestionenfermeria.GestionEnfermeriaApplicationTests" tests="1" skipped="0" failures="0" errors="0" timestamp="2023-07-24T20:00:55" hostname="DESKTOP-IKHOH5T" time="0.624">
  <properties/>
  <testcase name="contextLoads()" classname="com.nicode.gestionenfermeria.GestionEnfermeriaApplicationTests" time="0.624"/>
  <system-out><![CDATA[17:00:36.655 [Test worker] INFO org.springframework.test.context.support.AnnotationConfigContextLoaderUtils -- Could not detect default configuration classes for test class [com.nicode.gestionenfermeria.GestionEnfermeriaApplicationTests]: GestionEnfermeriaApplicationTests does not declare any static, non-private, non-final, nested classes annotated with @Configuration.
17:00:36.795 [Test worker] INFO org.springframework.boot.test.context.SpringBootTestContextBootstrapper -- Found @SpringBootConfiguration com.nicode.gestionenfermeria.GestionEnfermeriaApplication for test class com.nicode.gestionenfermeria.GestionEnfermeriaApplicationTests

  .   ____          _            __ _ _
 /\\ / ___'_ __ _ _(_)_ __  __ _ \ \ \ \
( ( )\___ | '_ | '_| | '_ \/ _` | \ \ \ \
 \\/  ___)| |_)| | | | | || (_| |  ) ) ) )
  '  |____| .__|_| |_|_| |_\__, | / / / /
 =========|_|==============|___/=/_/_/_/
 :: Spring Boot ::                (v3.1.1)

2023-07-24T17:00:37.269-03:00  INFO 16740 --- [    Test worker] c.n.g.GestionEnfermeriaApplicationTests  : Starting GestionEnfermeriaApplicationTests using Java 18.0.2.1 with PID 16740 (started by Nico in C:\Users\Nico\Desktop\java\gestion-enfermeria)
2023-07-24T17:00:37.273-03:00  INFO 16740 --- [    Test worker] c.n.g.GestionEnfermeriaApplicationTests  : No active profile set, falling back to 1 default profile: "default"
2023-07-24T17:00:38.049-03:00  INFO 16740 --- [    Test worker] .s.d.r.c.RepositoryConfigurationDelegate : Bootstrapping Spring Data JPA repositories in DEFAULT mode.
2023-07-24T17:00:38.142-03:00  INFO 16740 --- [    Test worker] .s.d.r.c.RepositoryConfigurationDelegate : Finished Spring Data repository scanning in 81 ms. Found 7 JPA repository interfaces.
2023-07-24T17:00:39.241-03:00  INFO 16740 --- [    Test worker] o.hibernate.jpa.internal.util.LogHelper  : HHH000204: Processing PersistenceUnitInfo [name: default]
2023-07-24T17:00:39.308-03:00  INFO 16740 --- [    Test worker] org.hibernate.Version                    : HHH000412: Hibernate ORM core version 6.2.5.Final
2023-07-24T17:00:39.311-03:00  INFO 16740 --- [    Test worker] org.hibernate.cfg.Environment            : HHH000406: Using bytecode reflection optimizer
2023-07-24T17:00:39.476-03:00  INFO 16740 --- [    Test worker] o.h.b.i.BytecodeProviderInitiator        : HHH000021: Bytecode provider name : bytebuddy
2023-07-24T17:00:39.673-03:00  INFO 16740 --- [    Test worker] o.s.o.j.p.SpringPersistenceUnitInfo      : No LoadTimeWeaver setup: ignoring JPA class transformer
2023-07-24T17:00:39.700-03:00  INFO 16740 --- [    Test worker] com.zaxxer.hikari.HikariDataSource       : HikariPool-1 - Starting...
2023-07-24T17:00:42.688-03:00  INFO 16740 --- [    Test worker] com.zaxxer.hikari.pool.HikariPool        : HikariPool-1 - Added connection com.mysql.cj.jdbc.ConnectionImpl@5a90fcaa
2023-07-24T17:00:42.697-03:00  INFO 16740 --- [    Test worker] com.zaxxer.hikari.HikariDataSource       : HikariPool-1 - Start completed.
2023-07-24T17:00:43.383-03:00  WARN 16740 --- [    Test worker] o.h.b.model.internal.AnnotationBinder    : HHH000503: A class should not be annotated with both @Inheritance and @MappedSuperclass. @Inheritance will be ignored for: com.nicode.gestionenfermeria.persistance.entity.PersonaEntity.
2023-07-24T17:00:43.651-03:00  INFO 16740 --- [    Test worker] o.h.b.i.BytecodeProviderInitiator        : HHH000021: Bytecode provider name : bytebuddy
2023-07-24T17:00:44.542-03:00  INFO 16740 --- [    Test worker] o.h.e.t.j.p.i.JtaPlatformInitiator       : HHH000490: Using JtaPlatform implementation: [org.hibernate.engine.transaction.jta.platform.internal.NoJtaPlatform]
Hibernate: alter table enfermero modify column creado_el  datetime(6)
Hibernate: alter table enfermero modify column fecha_de_nacimiento  date
Hibernate: alter table enfermero modify column ultima_modificacion  DATETIME
Hibernate: alter table historia_clinica modify column altura  Decimal(3,2)
Hibernate: alter table historia_clinica modify column creado_el  datetime(6)
Hibernate: alter table historia_clinica modify column peso  Decimal(4,2)
Hibernate: alter table historia_clinica modify column ultima_modificacion  datetime(6)
Hibernate: alter table paciente modify column creado_el  datetime(6)
Hibernate: alter table paciente modify column fecha_de_nacimiento  date
Hibernate: alter table paciente modify column ultima_modificacion  DATETIME
Hibernate: alter table rol_usuarios modify column fecha_creacion  DATETIME not null
2023-07-24T17:00:53.351-03:00  INFO 16740 --- [    Test worker] j.LocalContainerEntityManagerFactoryBean : Initialized JPA EntityManagerFactory for persistence unit 'default'
2023-07-24T17:00:53.645-03:00  INFO 16740 --- [    Test worker] o.s.d.j.r.query.QueryEnhancerFactory     : Hibernate is in classpath; If applicable, HQL parser will be used.
2023-07-24T17:00:54.501-03:00  WARN 16740 --- [    Test worker] JpaBaseConfiguration$JpaWebConfiguration : spring.jpa.open-in-view is enabled by default. Therefore, database queries may be performed during view rendering. Explicitly configure spring.jpa.open-in-view to disable this warning
2023-07-24T17:00:54.923-03:00  INFO 16740 --- [    Test worker] o.s.s.web.DefaultSecurityFilterChain     : Will secure any request with [org.springframework.security.web.session.DisableEncodeUrlFilter@461e9b31, org.springframework.security.web.context.request.async.WebAsyncManagerIntegrationFilter@d5d9d92, org.springframework.security.web.context.SecurityContextHolderFilter@54950027, org.springframework.security.web.header.HeaderWriterFilter@4c627575, org.springframework.web.filter.CorsFilter@347c7b, org.springframework.security.web.authentication.logout.LogoutFilter@11f8d64, com.nicode.gestionenfermeria.web.config.JwtFilter@3d8c3d0a, org.springframework.security.web.savedrequest.RequestCacheAwareFilter@2eb95662, org.springframework.security.web.servletapi.SecurityContextHolderAwareRequestFilter@4d87553b, org.springframework.security.web.authentication.AnonymousAuthenticationFilter@126f428e, org.springframework.security.web.session.SessionManagementFilter@4dd11699, org.springframework.security.web.access.ExceptionTranslationFilter@7d461450, org.springframework.security.web.access.intercept.AuthorizationFilter@74efc394]
2023-07-24T17:00:55.350-03:00  INFO 16740 --- [    Test worker] c.n.g.GestionEnfermeriaApplicationTests  : Started GestionEnfermeriaApplicationTests in 18.376 seconds (process running for 20.203)
]]></system-out>
  <system-err><![CDATA[]]></system-err>
</testsuite>
