<?xml version="1.0" encoding="UTF-8"?>
<testsuite name="com.nicode.gestionenfermeria.GestionEnfermeriaApplicationTests" tests="1" skipped="0" failures="0" errors="0" timestamp="2023-07-21T13:23:44" hostname="DESKTOP-IKHOH5T" time="1.045">
  <properties/>
  <testcase name="contextLoads()" classname="com.nicode.gestionenfermeria.GestionEnfermeriaApplicationTests" time="1.045"/>
  <system-out><![CDATA[10:23:15.353 [Test worker] INFO org.springframework.test.context.support.AnnotationConfigContextLoaderUtils -- Could not detect default configuration classes for test class [com.nicode.gestionenfermeria.GestionEnfermeriaApplicationTests]: GestionEnfermeriaApplicationTests does not declare any static, non-private, non-final, nested classes annotated with @Configuration.
10:23:15.472 [Test worker] INFO org.springframework.boot.test.context.SpringBootTestContextBootstrapper -- Found @SpringBootConfiguration com.nicode.gestionenfermeria.GestionEnfermeriaApplication for test class com.nicode.gestionenfermeria.GestionEnfermeriaApplicationTests

  .   ____          _            __ _ _
 /\\ / ___'_ __ _ _(_)_ __  __ _ \ \ \ \
( ( )\___ | '_ | '_| | '_ \/ _` | \ \ \ \
 \\/  ___)| |_)| | | | | || (_| |  ) ) ) )
  '  |____| .__|_| |_|_| |_\__, | / / / /
 =========|_|==============|___/=/_/_/_/
 :: Spring Boot ::                (v3.1.1)

2023-07-21T10:23:15.916-03:00  INFO 14656 --- [    Test worker] c.n.g.GestionEnfermeriaApplicationTests  : Starting GestionEnfermeriaApplicationTests using Java 18.0.2.1 with PID 14656 (started by Nico in C:\Users\Nico\Desktop\java\gestion-enfermeria)
2023-07-21T10:23:15.918-03:00  INFO 14656 --- [    Test worker] c.n.g.GestionEnfermeriaApplicationTests  : No active profile set, falling back to 1 default profile: "default"
2023-07-21T10:23:16.629-03:00  INFO 14656 --- [    Test worker] .s.d.r.c.RepositoryConfigurationDelegate : Bootstrapping Spring Data JPA repositories in DEFAULT mode.
2023-07-21T10:23:16.711-03:00  INFO 14656 --- [    Test worker] .s.d.r.c.RepositoryConfigurationDelegate : Finished Spring Data repository scanning in 73 ms. Found 7 JPA repository interfaces.
2023-07-21T10:23:18.160-03:00  INFO 14656 --- [    Test worker] o.hibernate.jpa.internal.util.LogHelper  : HHH000204: Processing PersistenceUnitInfo [name: default]
2023-07-21T10:23:18.345-03:00  INFO 14656 --- [    Test worker] org.hibernate.Version                    : HHH000412: Hibernate ORM core version 6.2.5.Final
2023-07-21T10:23:18.352-03:00  INFO 14656 --- [    Test worker] org.hibernate.cfg.Environment            : HHH000406: Using bytecode reflection optimizer
2023-07-21T10:23:18.873-03:00  INFO 14656 --- [    Test worker] o.h.b.i.BytecodeProviderInitiator        : HHH000021: Bytecode provider name : bytebuddy
2023-07-21T10:23:19.252-03:00  INFO 14656 --- [    Test worker] o.s.o.j.p.SpringPersistenceUnitInfo      : No LoadTimeWeaver setup: ignoring JPA class transformer
2023-07-21T10:23:19.315-03:00  INFO 14656 --- [    Test worker] com.zaxxer.hikari.HikariDataSource       : HikariPool-1 - Starting...
2023-07-21T10:23:22.841-03:00  INFO 14656 --- [    Test worker] com.zaxxer.hikari.pool.HikariPool        : HikariPool-1 - Added connection com.mysql.cj.jdbc.ConnectionImpl@1805ec96
2023-07-21T10:23:22.849-03:00  INFO 14656 --- [    Test worker] com.zaxxer.hikari.HikariDataSource       : HikariPool-1 - Start completed.
2023-07-21T10:23:23.886-03:00  WARN 14656 --- [    Test worker] o.h.b.model.internal.AnnotationBinder    : HHH000503: A class should not be annotated with both @Inheritance and @MappedSuperclass. @Inheritance will be ignored for: com.nicode.gestionenfermeria.persistance.entity.PersonaEntity.
2023-07-21T10:23:24.574-03:00  INFO 14656 --- [    Test worker] o.h.b.i.BytecodeProviderInitiator        : HHH000021: Bytecode provider name : bytebuddy
2023-07-21T10:23:26.554-03:00  INFO 14656 --- [    Test worker] o.h.e.t.j.p.i.JtaPlatformInitiator       : HHH000490: Using JtaPlatform implementation: [org.hibernate.engine.transaction.jta.platform.internal.NoJtaPlatform]
Hibernate: alter table enfermero modify column creado_el  datetime(6)
Hibernate: alter table enfermero modify column fecha_de_nacimiento  date
Hibernate: alter table enfermero modify column ultima_modificacion  DATETIME
Hibernate: alter table historia_clinica modify column altura  Decimal(3,2)
Hibernate: alter table historia_clinica modify column creado_el  datetime(6)
Hibernate: alter table historia_clinica modify column peso  Decimal(4,2)
Hibernate: alter table historia_clinica modify column ultima_modificacion  datetime(6)
Hibernate: alter table paciente modify column creado_el  datetime(6)
Hibernate: alter table paciente modify column fecha_de_nacimiento  date
Hibernate: alter table paciente modify column ultima_modificacion  DATETIME
Hibernate: alter table rol_usuarios modify column fecha_creacion  DATETIME not null
2023-07-21T10:23:40.150-03:00  INFO 14656 --- [    Test worker] j.LocalContainerEntityManagerFactoryBean : Initialized JPA EntityManagerFactory for persistence unit 'default'
2023-07-21T10:23:40.952-03:00  INFO 14656 --- [    Test worker] o.s.d.j.r.query.QueryEnhancerFactory     : Hibernate is in classpath; If applicable, HQL parser will be used.
2023-07-21T10:23:43.049-03:00  WARN 14656 --- [    Test worker] JpaBaseConfiguration$JpaWebConfiguration : spring.jpa.open-in-view is enabled by default. Therefore, database queries may be performed during view rendering. Explicitly configure spring.jpa.open-in-view to disable this warning
2023-07-21T10:23:43.967-03:00  INFO 14656 --- [    Test worker] o.s.s.web.DefaultSecurityFilterChain     : Will secure any request with [org.springframework.security.web.session.DisableEncodeUrlFilter@41a372c1, org.springframework.security.web.context.request.async.WebAsyncManagerIntegrationFilter@12bb3666, org.springframework.security.web.context.SecurityContextHolderFilter@6eec564c, org.springframework.security.web.header.HeaderWriterFilter@559d9517, org.springframework.web.filter.CorsFilter@18c2b4c6, org.springframework.security.web.authentication.logout.LogoutFilter@76b5b1e2, com.nicode.gestionenfermeria.web.config.JwtFilter@20a3118, org.springframework.security.web.savedrequest.RequestCacheAwareFilter@3d805670, org.springframework.security.web.servletapi.SecurityContextHolderAwareRequestFilter@58477355, org.springframework.security.web.authentication.AnonymousAuthenticationFilter@1c71d704, org.springframework.security.web.session.SessionManagementFilter@3c41b4b, org.springframework.security.web.access.ExceptionTranslationFilter@3ed79f41, org.springframework.security.web.access.intercept.AuthorizationFilter@489ec791]
2023-07-21T10:23:44.951-03:00  INFO 14656 --- [    Test worker] c.n.g.GestionEnfermeriaApplicationTests  : Started GestionEnfermeriaApplicationTests in 29.289 seconds (process running for 30.679)
]]></system-out>
  <system-err><![CDATA[]]></system-err>
</testsuite>
