<?xml version="1.0" encoding="UTF-8"?>
<testsuite name="com.nicode.gestionenfermeria.GestionEnfermeriaApplicationTests" tests="1" skipped="0" failures="0" errors="0" timestamp="2023-07-17T17:30:52" hostname="DESKTOP-IKHOH5T" time="0.632">
  <properties/>
  <testcase name="contextLoads()" classname="com.nicode.gestionenfermeria.GestionEnfermeriaApplicationTests" time="0.632"/>
  <system-out><![CDATA[14:30:32.508 [Test worker] INFO org.springframework.test.context.support.AnnotationConfigContextLoaderUtils -- Could not detect default configuration classes for test class [com.nicode.gestionenfermeria.GestionEnfermeriaApplicationTests]: GestionEnfermeriaApplicationTests does not declare any static, non-private, non-final, nested classes annotated with @Configuration.
14:30:32.654 [Test worker] INFO org.springframework.boot.test.context.SpringBootTestContextBootstrapper -- Found @SpringBootConfiguration com.nicode.gestionenfermeria.GestionEnfermeriaApplication for test class com.nicode.gestionenfermeria.GestionEnfermeriaApplicationTests

  .   ____          _            __ _ _
 /\\ / ___'_ __ _ _(_)_ __  __ _ \ \ \ \
( ( )\___ | '_ | '_| | '_ \/ _` | \ \ \ \
 \\/  ___)| |_)| | | | | || (_| |  ) ) ) )
  '  |____| .__|_| |_|_| |_\__, | / / / /
 =========|_|==============|___/=/_/_/_/
 :: Spring Boot ::                (v3.1.1)

2023-07-17T14:30:33.149-03:00  INFO 7876 --- [    Test worker] c.n.g.GestionEnfermeriaApplicationTests  : Starting GestionEnfermeriaApplicationTests using Java 18.0.2.1 with PID 7876 (started by Nico in C:\Users\Nico\Desktop\java\gestion-enfermeria)
2023-07-17T14:30:33.152-03:00  INFO 7876 --- [    Test worker] c.n.g.GestionEnfermeriaApplicationTests  : No active profile set, falling back to 1 default profile: "default"
2023-07-17T14:30:33.868-03:00  INFO 7876 --- [    Test worker] .s.d.r.c.RepositoryConfigurationDelegate : Bootstrapping Spring Data JPA repositories in DEFAULT mode.
2023-07-17T14:30:33.944-03:00  INFO 7876 --- [    Test worker] .s.d.r.c.RepositoryConfigurationDelegate : Finished Spring Data repository scanning in 67 ms. Found 7 JPA repository interfaces.
2023-07-17T14:30:34.903-03:00  INFO 7876 --- [    Test worker] o.hibernate.jpa.internal.util.LogHelper  : HHH000204: Processing PersistenceUnitInfo [name: default]
2023-07-17T14:30:34.973-03:00  INFO 7876 --- [    Test worker] org.hibernate.Version                    : HHH000412: Hibernate ORM core version 6.2.5.Final
2023-07-17T14:30:34.975-03:00  INFO 7876 --- [    Test worker] org.hibernate.cfg.Environment            : HHH000406: Using bytecode reflection optimizer
2023-07-17T14:30:35.139-03:00  INFO 7876 --- [    Test worker] o.h.b.i.BytecodeProviderInitiator        : HHH000021: Bytecode provider name : bytebuddy
2023-07-17T14:30:35.317-03:00  INFO 7876 --- [    Test worker] o.s.o.j.p.SpringPersistenceUnitInfo      : No LoadTimeWeaver setup: ignoring JPA class transformer
2023-07-17T14:30:35.344-03:00  INFO 7876 --- [    Test worker] com.zaxxer.hikari.HikariDataSource       : HikariPool-1 - Starting...
2023-07-17T14:30:38.247-03:00  INFO 7876 --- [    Test worker] com.zaxxer.hikari.pool.HikariPool        : HikariPool-1 - Added connection com.mysql.cj.jdbc.ConnectionImpl@269308cc
2023-07-17T14:30:38.253-03:00  INFO 7876 --- [    Test worker] com.zaxxer.hikari.HikariDataSource       : HikariPool-1 - Start completed.
2023-07-17T14:30:38.924-03:00  WARN 7876 --- [    Test worker] o.h.b.model.internal.AnnotationBinder    : HHH000503: A class should not be annotated with both @Inheritance and @MappedSuperclass. @Inheritance will be ignored for: com.nicode.gestionenfermeria.persistance.entity.PersonaEntity.
2023-07-17T14:30:39.141-03:00  INFO 7876 --- [    Test worker] o.h.b.i.BytecodeProviderInitiator        : HHH000021: Bytecode provider name : bytebuddy
2023-07-17T14:30:39.960-03:00  INFO 7876 --- [    Test worker] o.h.e.t.j.p.i.JtaPlatformInitiator       : HHH000490: Using JtaPlatform implementation: [org.hibernate.engine.transaction.jta.platform.internal.NoJtaPlatform]
Hibernate: alter table enfermero modify column creado_el  datetime(6)
Hibernate: alter table enfermero modify column fecha_de_nacimiento  date
Hibernate: alter table enfermero modify column ultima_modificacion  DATETIME
Hibernate: alter table historia_clinica modify column altura  Decimal(3,2)
Hibernate: alter table historia_clinica modify column creado_el  datetime(6)
Hibernate: alter table historia_clinica modify column peso  Decimal(4,2)
Hibernate: alter table historia_clinica modify column ultima_modificacion  datetime(6)
Hibernate: alter table paciente modify column creado_el  datetime(6)
Hibernate: alter table paciente modify column fecha_de_nacimiento  date
Hibernate: alter table paciente modify column ultima_modificacion  DATETIME
Hibernate: alter table rol_usuarios modify column fecha_creacion  DATETIME not null
2023-07-17T14:30:50.885-03:00  INFO 7876 --- [    Test worker] j.LocalContainerEntityManagerFactoryBean : Initialized JPA EntityManagerFactory for persistence unit 'default'
2023-07-17T14:30:51.202-03:00  INFO 7876 --- [    Test worker] o.s.d.j.r.query.QueryEnhancerFactory     : Hibernate is in classpath; If applicable, HQL parser will be used.
2023-07-17T14:30:51.881-03:00  WARN 7876 --- [    Test worker] JpaBaseConfiguration$JpaWebConfiguration : spring.jpa.open-in-view is enabled by default. Therefore, database queries may be performed during view rendering. Explicitly configure spring.jpa.open-in-view to disable this warning
2023-07-17T14:30:52.264-03:00  INFO 7876 --- [    Test worker] o.s.s.web.DefaultSecurityFilterChain     : Will secure any request with [org.springframework.security.web.session.DisableEncodeUrlFilter@6b886e86, org.springframework.security.web.context.request.async.WebAsyncManagerIntegrationFilter@f758e05, org.springframework.security.web.context.SecurityContextHolderFilter@3f46fb53, org.springframework.security.web.header.HeaderWriterFilter@5225f612, org.springframework.web.filter.CorsFilter@46e77fb7, org.springframework.security.web.authentication.logout.LogoutFilter@5ac25491, org.springframework.security.web.authentication.www.BasicAuthenticationFilter@43baf0b9, org.springframework.security.web.savedrequest.RequestCacheAwareFilter@5e16e521, org.springframework.security.web.servletapi.SecurityContextHolderAwareRequestFilter@51a4472d, org.springframework.security.web.authentication.AnonymousAuthenticationFilter@43c73b5c, org.springframework.security.web.access.ExceptionTranslationFilter@43aa9ccd, org.springframework.security.web.access.intercept.AuthorizationFilter@7d91e9c9]
2023-07-17T14:30:52.832-03:00  INFO 7876 --- [    Test worker] c.n.g.GestionEnfermeriaApplicationTests  : Started GestionEnfermeriaApplicationTests in 20.009 seconds (process running for 21.569)
]]></system-out>
  <system-err><![CDATA[]]></system-err>
</testsuite>
